<?xml version="1.0" encoding="UTF-8"?>
<testsuite xmlns:xsi="http://www.w3.org/2001/XMLSchema-instance" xsi:noNamespaceSchemaLocation="https://maven.apache.org/surefire/maven-surefire-plugin/xsd/surefire-test-report-3.0.xsd" version="3.0" name="com.ejada.discovery_server.DiscoveryServerApplicationTests" time="5.71" tests="1" errors="0" skipped="0" failures="0">
  <properties>
[...]
</properties>
  <testcase name="contextLoads" classname="com.ejada.discovery_server.DiscoveryServerApplicationTests" time="0.824">
    <system-out><![CDATA[20:03:35.963 [main] INFO org.springframework.test.context.support.AnnotationConfigContextLoaderUtils -- Could not detect default configuration classes for test class [com.ejada.discovery_server.DiscoveryServerApplicationTests]: DiscoveryServerApplicationTests does not declare any static, non-private, non-final, nested classes annotated with @Configuration.
20:03:36.102 [main] INFO org.springframework.boot.test.context.SpringBootTestContextBootstrapper -- Found @SpringBootConfiguration com.ejada.discovery_server.DiscoveryServerApplication for test class com.ejada.discovery_server.DiscoveryServerApplicationTests

  .   ____          _            __ _ _
 /\\ / ___'_ __ _ _(_)_ __  __ _ \ \ \ \
( ( )\___ | '_ | '_| | '_ \/ _` | \ \ \ \
 \\/  ___)| |_)| | | | | || (_| |  ) ) ) )
  '  |____| .__|_| |_|_| |_\__, | / / / /
 =========|_|==============|___/=/_/_/_/
 :: Spring Boot ::                (v3.1.8)

2025-07-20T20:03:36.657+03:00  INFO 18876 --- [           main] c.e.d.DiscoveryServerApplicationTests    : Starting DiscoveryServerApplicationTests using Java 21.0.7 with PID 18876 (started by dr_os in D:\UserMicro\VirtualBankingSystem\discovery-server-clean)
2025-07-20T20:03:36.659+03:00  INFO 18876 --- [           main] c.e.d.DiscoveryServerApplicationTests    : No active profile set, falling back to 1 default profile: "default"
2025-07-20T20:03:37.931+03:00  INFO 18876 --- [           main] o.s.cloud.context.scope.GenericScope     : BeanFactory id=1217e935-0924-3e53-bd7d-c55f78926f2f
2025-07-20T20:03:39.500+03:00  WARN 18876 --- [           main] iguration$LoadBalancerCaffeineWarnLogger : Spring Cloud LoadBalancer is currently working with the default cache. While this cache implementation is useful for development and tests, it's recommended to use Caffeine cache in production.You can switch to using Caffeine cache, by adding it and org.springframework.cache.caffeine.CaffeineCacheManager to the classpath.
2025-07-20T20:03:39.791+03:00  INFO 18876 --- [           main] o.s.c.n.eureka.InstanceInfoFactory       : Setting initial instance status as: STARTING
2025-07-20T20:03:39.822+03:00  INFO 18876 --- [           main] com.netflix.discovery.DiscoveryClient    : Initializing Eureka in region us-east-1
2025-07-20T20:03:39.823+03:00  INFO 18876 --- [           main] com.netflix.discovery.DiscoveryClient    : Client configured to neither register nor query for data.
2025-07-20T20:03:39.836+03:00  INFO 18876 --- [           main] com.netflix.discovery.DiscoveryClient    : Discovery Client initialized at timestamp 1753031019835 with initial instances count: 0
2025-07-20T20:03:39.881+03:00  INFO 18876 --- [           main] c.n.eureka.DefaultEurekaServerContext    : Initializing ...
2025-07-20T20:03:39.884+03:00  INFO 18876 --- [           main] c.n.eureka.cluster.PeerEurekaNodes       : Adding new peer nodes [http://localhost:8761/eureka/]
2025-07-20T20:03:40.104+03:00  INFO 18876 --- [           main] c.n.d.provider.DiscoveryJerseyProvider   : Using JSON encoding codec LegacyJacksonJson
2025-07-20T20:03:40.105+03:00  INFO 18876 --- [           main] c.n.d.provider.DiscoveryJerseyProvider   : Using JSON decoding codec LegacyJacksonJson
2025-07-20T20:03:40.105+03:00  INFO 18876 --- [           main] c.n.d.provider.DiscoveryJerseyProvider   : Using XML encoding codec XStreamXml
2025-07-20T20:03:40.105+03:00  INFO 18876 --- [           main] c.n.d.provider.DiscoveryJerseyProvider   : Using XML decoding codec XStreamXml
2025-07-20T20:03:40.307+03:00  INFO 18876 --- [           main] c.n.eureka.cluster.PeerEurekaNodes       : Replica node URL:  http://localhost:8761/eureka/
2025-07-20T20:03:40.317+03:00  INFO 18876 --- [           main] c.n.e.registry.AbstractInstanceRegistry  : Finished initializing remote region registries. All known remote regions: []
2025-07-20T20:03:40.318+03:00  INFO 18876 --- [           main] c.n.eureka.DefaultEurekaServerContext    : Initialized
2025-07-20T20:03:40.519+03:00  INFO 18876 --- [           main] o.s.b.a.e.web.EndpointLinksResolver      : Exposing 1 endpoint(s) beneath base path '/actuator'
2025-07-20T20:03:40.592+03:00  INFO 18876 --- [           main] o.s.c.n.e.s.EurekaServiceRegistry        : Registering application DISCOVERY-SERVER with eureka with status UP
2025-07-20T20:03:40.614+03:00  INFO 18876 --- [           main] c.e.d.DiscoveryServerApplicationTests    : Started DiscoveryServerApplicationTests in 4.359 seconds (process running for 5.505)
2025-07-20T20:03:40.615+03:00  INFO 18876 --- [      Thread-10] o.s.c.n.e.server.EurekaServerBootstrap   : isAws returned false
2025-07-20T20:03:40.616+03:00  INFO 18876 --- [      Thread-10] o.s.c.n.e.server.EurekaServerBootstrap   : Initialized server context
2025-07-20T20:03:40.616+03:00  INFO 18876 --- [      Thread-10] c.n.e.r.PeerAwareInstanceRegistryImpl    : Got 1 instances from neighboring DS node
2025-07-20T20:03:40.616+03:00  INFO 18876 --- [      Thread-10] c.n.e.r.PeerAwareInstanceRegistryImpl    : Renew threshold is: 1
2025-07-20T20:03:40.617+03:00  INFO 18876 --- [      Thread-10] c.n.e.r.PeerAwareInstanceRegistryImpl    : Changing status to UP
2025-07-20T20:03:40.635+03:00  INFO 18876 --- [      Thread-10] e.s.EurekaServerInitializerConfiguration : Started Eureka Server
]]></system-out>
    <system-err><![CDATA[WARNING: A Java agent has been loaded dynamically (C:\Users\dr_os\.m2\repository\net\bytebuddy\byte-buddy-agent\1.14.11\byte-buddy-agent-1.14.11.jar)
WARNING: If a serviceability tool is in use, please run with -XX:+EnableDynamicAgentLoading to hide this warning
WARNING: If a serviceability tool is not in use, please run with -Djdk.instrument.traceUsage for more information
WARNING: Dynamic loading of agents will be disallowed by default in a future release
]]></system-err>
  </testcase>
</testsuite>